<?xml version="1.0" encoding="UTF-8"?>
<testng-results ignored="0" total="1" passed="1" failed="0" skipped="0">
  <reporter-output>
  </reporter-output>
  <suite started-at="2021-11-24T13:52:20 IST" name="Suite" finished-at="2021-11-24T13:52:20 IST" duration-ms="27">
    <groups>
    </groups>
    <test started-at="2021-11-24T13:52:20 IST" name="Test" finished-at="2021-11-24T13:52:20 IST" duration-ms="27">
      <class name="com.test.main.NewTest">
        <test-method signature="f()[pri:0, instance:com.test.main.NewTest@d6e7bab]" started-at="2021-11-24T13:52:20 IST" name="f" finished-at="2021-11-24T13:52:20 IST" duration-ms="5" status="PASS">
          <reporter-output>
          </reporter-output>
        </test-method> <!-- f -->
      </class> <!-- com.test.main.NewTest -->
    </test> <!-- Test -->
  </suite> <!-- Suite -->
</testng-results>
